2025-03-07 09:58:38,198 - INFO - 인스타그램 크롤러 시작
2025-03-07 09:58:38,199 - INFO - 실행 ID: 20250307_095838
2025-03-07 09:58:41,477 - INFO - 인스타그램 페이지 접속
2025-03-07 09:58:46,479 - INFO - 사용자명 필드 찾는 중: input[name="username"]
2025-03-07 09:58:46,670 - INFO - 사용자명 입력 완료
2025-03-07 09:58:46,771 - INFO - 비밀번호 입력 완료
2025-03-07 09:58:46,907 - INFO - 로그인 버튼 클릭
2025-03-07 09:58:46,907 - INFO - 로그인 진행 중...
2025-03-07 09:58:56,920 - INFO - 로그인 성공!
2025-03-07 09:58:56,920 - INFO - 키워드 '여행' 데이터 수집 시작
2025-03-07 09:58:56,920 - INFO - 해시태그 'travel' 검색 시작...
2025-03-07 09:58:56,920 - INFO - URL로 접근: https://www.instagram.com/explore/tags/travel/
2025-03-07 09:59:01,738 - INFO - 첫 번째 게시물 찾기...
2025-03-07 09:59:01,783 - INFO - 게시물 링크 찾음: a[href*="/p/"] (18개)
2025-03-07 09:59:01,942 - INFO - 첫 번째 게시물 클릭됨
2025-03-07 09:59:07,209 - INFO - 게시물 크롤링 시작 (1번째)
2025-03-07 09:59:07,209 - INFO - 게시물 1/5 스크래핑 중...
2025-03-07 09:59:07,794 - INFO - 텍스트 길이: 962, 해시태그: 1개
2025-03-07 09:59:08,050 - INFO - 좋아요: 1.7
2025-03-07 09:59:08,596 - INFO - 댓글: 
2025-03-07 09:59:08,604 - INFO - 날짜: 2025-02-28T07:38:50.000Z
2025-03-07 09:59:08,614 - INFO - 이미지 URL: https://scontent-ssn1-1.cdnins...
2025-03-07 09:59:09,146 - INFO - 조회수: 
2025-03-07 09:59:09,146 - INFO - 게시물 처리 완료: 성공, 소요시간=1.94초
2025-03-07 09:59:09,146 - INFO - 다음 게시물로 이동 시도...
2025-03-07 09:59:09,376 - INFO - SVG 부모 버튼 찾아서 클릭함
2025-03-07 09:59:12,695 - INFO - 게시물 크롤링 시작 (2번째)
2025-03-07 09:59:12,695 - INFO - 게시물 2/5 스크래핑 중...
2025-03-07 09:59:13,628 - INFO - 텍스트 길이: 1703, 해시태그: 1개
2025-03-07 09:59:13,927 - INFO - 좋아요: 7998
2025-03-07 09:59:14,737 - INFO - 댓글: 
2025-03-07 09:59:14,743 - INFO - 날짜: 2024-10-17T07:13:14.000Z
2025-03-07 09:59:14,751 - INFO - 이미지 URL: https://scontent-ssn1-1.cdnins...
2025-03-07 09:59:15,565 - INFO - 조회수: 
2025-03-07 09:59:15,565 - INFO - 게시물 처리 완료: 성공, 소요시간=2.87초
2025-03-07 09:59:15,565 - INFO - 다음 게시물로 이동 시도...
2025-03-07 09:59:15,624 - INFO - 다음 버튼 찾아서 클릭함
2025-03-07 09:59:21,330 - INFO - 게시물 크롤링 시작 (3번째)
2025-03-07 09:59:21,330 - INFO - 게시물 3/5 스크래핑 중...
2025-03-07 09:59:22,599 - INFO - 텍스트 길이: 1703, 해시태그: 1개
2025-03-07 09:59:22,956 - INFO - 좋아요: 7998
2025-03-07 09:59:24,216 - INFO - 댓글: 
2025-03-07 09:59:24,223 - INFO - 날짜: 2024-10-17T07:13:14.000Z
2025-03-07 09:59:24,233 - INFO - 이미지 URL: https://scontent-ssn1-1.cdnins...
2025-03-07 09:59:25,477 - INFO - 조회수: 
2025-03-07 09:59:25,477 - INFO - 게시물 처리 완료: 성공, 소요시간=4.15초
2025-03-07 09:59:25,478 - INFO - 다음 게시물로 이동 시도...
2025-03-07 09:59:25,559 - INFO - 다음 버튼 찾아서 클릭함
2025-03-07 09:59:29,499 - INFO - 게시물 크롤링 시작 (4번째)
2025-03-07 09:59:29,499 - INFO - 게시물 4/5 스크래핑 중...
2025-03-07 09:59:30,747 - INFO - 텍스트 길이: 1703, 해시태그: 1개
2025-03-07 09:59:31,080 - INFO - 좋아요: 7998
2025-03-07 09:59:32,230 - INFO - 댓글: 
2025-03-07 09:59:32,237 - INFO - 날짜: 2024-10-17T07:13:14.000Z
2025-03-07 09:59:32,246 - INFO - 이미지 URL: https://scontent-ssn1-1.cdnins...
2025-03-07 09:59:33,423 - INFO - 조회수: 
2025-03-07 09:59:33,424 - INFO - 게시물 처리 완료: 성공, 소요시간=3.92초
2025-03-07 09:59:33,424 - INFO - 다음 게시물로 이동 시도...
2025-03-07 09:59:33,877 - INFO - SVG 부모 버튼 찾아서 클릭함
2025-03-07 09:59:39,456 - INFO - 게시물 크롤링 시작 (5번째)
2025-03-07 09:59:39,456 - INFO - 게시물 5/5 스크래핑 중...
2025-03-07 09:59:40,804 - INFO - 텍스트 길이: 1521, 해시태그: 3개
2025-03-07 09:59:41,143 - INFO - 좋아요: 1.5
2025-03-07 09:59:42,394 - INFO - 댓글: 
2025-03-07 09:59:42,401 - INFO - 날짜: 2024-10-18T02:13:06.000Z
2025-03-07 09:59:42,410 - INFO - 이미지 URL: https://scontent-ssn1-1.cdnins...
2025-03-07 09:59:43,609 - INFO - 조회수: 
2025-03-07 09:59:43,609 - INFO - 게시물 처리 완료: 성공, 소요시간=4.15초
2025-03-07 09:59:43,610 - INFO - 게시물 대화상자 닫기 시도...
2025-03-07 09:59:43,892 - INFO - X 버튼 직접 클릭 성공
2025-03-07 09:59:43,892 - INFO - 키워드 '여행'에서 5개 게시물 수집 완료
2025-03-07 09:59:43,892 - INFO - 키워드 '여행' 처리 완료
2025-03-07 09:59:43,892 - INFO - 키워드 '맛집' 데이터 수집 시작
2025-03-07 09:59:43,893 - INFO - 해시태그 'food' 검색 시작...
2025-03-07 09:59:43,893 - INFO - URL로 접근: https://www.instagram.com/explore/tags/food/
2025-03-07 09:59:50,903 - INFO - 첫 번째 게시물 찾기...
2025-03-07 09:59:50,935 - INFO - 게시물 링크 찾음: a[href*="/p/"] (18개)
2025-03-07 09:59:51,053 - INFO - 첫 번째 게시물 클릭됨
2025-03-07 09:59:54,219 - INFO - 게시물 크롤링 시작 (6번째)
2025-03-07 09:59:54,219 - INFO - 게시물 1/5 스크래핑 중...
2025-03-07 09:59:55,161 - INFO - 텍스트 길이: 1868, 해시태그: 1개
2025-03-07 09:59:55,400 - INFO - 좋아요: 11.7
2025-03-07 09:59:56,224 - INFO - 댓글: 
2025-03-07 09:59:56,232 - INFO - 날짜: 2025-01-21T17:11:42.000Z
2025-03-07 09:59:56,242 - INFO - 이미지 URL: https://scontent-ssn1-1.cdnins...
2025-03-07 09:59:57,106 - INFO - 조회수: 
2025-03-07 09:59:57,106 - INFO - 게시물 처리 완료: 성공, 소요시간=2.89초
2025-03-07 09:59:57,106 - INFO - 다음 게시물로 이동 시도...
2025-03-07 09:59:57,496 - INFO - SVG 부모 버튼 찾아서 클릭함
2025-03-07 10:00:02,988 - INFO - 게시물 크롤링 시작 (7번째)
2025-03-07 10:00:02,988 - INFO - 게시물 2/5 스크래핑 중...
2025-03-07 10:00:04,415 - INFO - 텍스트 길이: 2013, 해시태그: 1개
2025-03-07 10:00:04,736 - INFO - 좋아요: 791
2025-03-07 10:00:05,996 - INFO - 댓글: 
2025-03-07 10:00:06,003 - INFO - 날짜: 2025-02-13T18:38:52.000Z
2025-03-07 10:00:06,013 - INFO - 이미지 URL: https://scontent-ssn1-1.cdnins...
2025-03-07 10:00:07,304 - INFO - 조회수: 
2025-03-07 10:00:07,305 - INFO - 게시물 처리 완료: 성공, 소요시간=4.32초
2025-03-07 10:00:07,305 - INFO - 다음 게시물로 이동 시도...
2025-03-07 10:00:07,380 - INFO - 다음 버튼 찾아서 클릭함
2025-03-07 10:00:11,070 - INFO - 게시물 크롤링 시작 (8번째)
2025-03-07 10:00:11,070 - INFO - 게시물 3/5 스크래핑 중...
2025-03-07 10:00:12,478 - INFO - 텍스트 길이: 2013, 해시태그: 1개
2025-03-07 10:00:12,798 - INFO - 좋아요: 791
2025-03-07 10:00:14,068 - INFO - 댓글: 
2025-03-07 10:00:14,075 - INFO - 날짜: 2025-02-13T18:38:52.000Z
2025-03-07 10:00:14,083 - INFO - 이미지 URL: https://scontent-ssn1-1.cdnins...
2025-03-07 10:00:15,402 - INFO - 조회수: 
2025-03-07 10:00:15,403 - INFO - 게시물 처리 완료: 성공, 소요시간=4.33초
2025-03-07 10:00:15,403 - INFO - 다음 게시물로 이동 시도...
2025-03-07 10:00:15,904 - INFO - SVG 부모 버튼 찾아서 클릭함
2025-03-07 10:00:22,573 - INFO - 게시물 크롤링 시작 (9번째)
2025-03-07 10:00:22,573 - INFO - 게시물 4/5 스크래핑 중...
2025-03-07 10:00:24,036 - INFO - 텍스트 길이: 2940, 해시태그: 1개
2025-03-07 10:00:24,352 - INFO - 좋아요: 58.4
2025-03-07 10:00:25,627 - INFO - 댓글: 
2025-03-07 10:00:25,635 - INFO - 날짜: 2025-02-02T18:32:29.000Z
2025-03-07 10:00:25,645 - INFO - 이미지 URL: https://scontent-ssn1-1.cdnins...
2025-03-07 10:00:26,899 - INFO - 조회수: 
2025-03-07 10:00:26,899 - INFO - 게시물 처리 완료: 성공, 소요시간=4.33초
2025-03-07 10:00:26,900 - INFO - 다음 게시물로 이동 시도...
2025-03-07 10:00:26,969 - INFO - 다음 버튼 찾아서 클릭함
2025-03-07 10:00:30,418 - INFO - 게시물 크롤링 시작 (10번째)
2025-03-07 10:00:30,418 - INFO - 게시물 5/5 스크래핑 중...
2025-03-07 10:00:31,737 - INFO - 텍스트 길이: 2940, 해시태그: 1개
2025-03-07 10:00:32,051 - INFO - 좋아요: 58.4
2025-03-07 10:00:33,397 - INFO - 댓글: 
2025-03-07 10:00:33,404 - INFO - 날짜: 2025-02-02T18:32:29.000Z
2025-03-07 10:00:33,413 - INFO - 이미지 URL: https://scontent-ssn1-1.cdnins...
2025-03-07 10:00:34,711 - INFO - 조회수: 
2025-03-07 10:00:34,711 - INFO - 게시물 처리 완료: 성공, 소요시간=4.29초
2025-03-07 10:00:34,711 - INFO - 게시물 대화상자 닫기 시도...
2025-03-07 10:00:35,017 - INFO - X 버튼 직접 클릭 성공
2025-03-07 10:00:35,017 - INFO - 키워드 '맛집'에서 5개 게시물 수집 완료
2025-03-07 10:00:35,017 - INFO - 키워드 '맛집' 처리 완료
2025-03-07 10:00:35,017 - INFO - 키워드 '패션' 데이터 수집 시작
2025-03-07 10:00:35,018 - INFO - 해시태그 'fashion' 검색 시작...
2025-03-07 10:00:35,018 - INFO - URL로 접근: https://www.instagram.com/explore/tags/fashion/
2025-03-07 10:00:41,978 - INFO - 첫 번째 게시물 찾기...
2025-03-07 10:00:42,004 - INFO - 게시물 링크 찾음: a[href*="/p/"] (18개)
2025-03-07 10:00:42,122 - INFO - 첫 번째 게시물 클릭됨
2025-03-07 10:00:45,447 - INFO - 게시물 크롤링 시작 (11번째)
2025-03-07 10:00:45,447 - INFO - 게시물 1/5 스크래핑 중...
2025-03-07 10:00:46,298 - INFO - 텍스트 길이: 1456, 해시태그: 1개
2025-03-07 10:00:46,563 - INFO - 좋아요: 3.4
2025-03-07 10:00:47,364 - INFO - 댓글: 
2025-03-07 10:00:47,372 - INFO - 날짜: 2025-01-01T16:16:38.000Z
2025-03-07 10:00:47,382 - INFO - 이미지 URL: https://scontent-ssn1-1.cdnins...
2025-03-07 10:00:48,115 - INFO - 조회수: 
2025-03-07 10:00:48,116 - INFO - 게시물 처리 완료: 성공, 소요시간=2.67초
2025-03-07 10:00:48,116 - INFO - 다음 게시물로 이동 시도...
2025-03-07 10:00:48,427 - INFO - SVG 부모 버튼 찾아서 클릭함
2025-03-07 10:00:52,548 - INFO - 게시물 크롤링 시작 (12번째)
2025-03-07 10:00:52,548 - INFO - 게시물 2/5 스크래핑 중...
2025-03-07 10:00:53,412 - INFO - 텍스트 길이: 1447, 해시태그: 1개
2025-03-07 10:00:53,669 - INFO - 좋아요: 2
2025-03-07 10:00:54,418 - INFO - 댓글: 
2025-03-07 10:00:54,423 - INFO - 날짜: 2025-02-28T16:33:57.000Z
2025-03-07 10:00:54,431 - INFO - 이미지 URL: https://scontent-ssn1-1.cdnins...
2025-03-07 10:00:55,191 - INFO - 조회수: 
2025-03-07 10:00:55,191 - INFO - 게시물 처리 완료: 성공, 소요시간=2.64초
2025-03-07 10:00:55,191 - INFO - 다음 게시물로 이동 시도...
2025-03-07 10:00:55,239 - INFO - 다음 버튼 찾아서 클릭함
2025-03-07 10:00:59,571 - INFO - 게시물 크롤링 시작 (13번째)
2025-03-07 10:00:59,571 - INFO - 게시물 3/5 스크래핑 중...
2025-03-07 10:01:00,492 - INFO - 텍스트 길이: 1447, 해시태그: 1개
2025-03-07 10:01:00,776 - INFO - 좋아요: 2
2025-03-07 10:01:01,576 - INFO - 댓글: 
2025-03-07 10:01:01,582 - INFO - 날짜: 2025-02-28T16:33:57.000Z
2025-03-07 10:01:01,589 - INFO - 이미지 URL: https://scontent-ssn1-1.cdnins...
2025-03-07 10:01:02,356 - INFO - 조회수: 
2025-03-07 10:01:02,356 - INFO - 게시물 처리 완료: 성공, 소요시간=2.79초
2025-03-07 10:01:02,356 - INFO - 다음 게시물로 이동 시도...
2025-03-07 10:01:02,410 - INFO - 다음 버튼 찾아서 클릭함
2025-03-07 10:01:08,882 - INFO - 게시물 크롤링 시작 (14번째)
2025-03-07 10:01:08,882 - INFO - 게시물 4/5 스크래핑 중...
2025-03-07 10:01:10,156 - INFO - 텍스트 길이: 1447, 해시태그: 1개
2025-03-07 10:01:10,527 - INFO - 좋아요: 2
2025-03-07 10:01:11,738 - INFO - 댓글: 
2025-03-07 10:01:11,746 - INFO - 날짜: 2025-02-28T16:33:57.000Z
2025-03-07 10:01:11,755 - INFO - 이미지 URL: https://scontent-ssn1-1.cdnins...
2025-03-07 10:01:12,699 - INFO - 조회수: 
2025-03-07 10:01:12,700 - INFO - 게시물 처리 완료: 성공, 소요시간=3.82초
2025-03-07 10:01:12,700 - INFO - 다음 게시물로 이동 시도...
2025-03-07 10:01:12,761 - INFO - 다음 버튼 찾아서 클릭함
2025-03-07 10:01:18,749 - INFO - 게시물 크롤링 시작 (15번째)
2025-03-07 10:01:18,749 - INFO - 게시물 5/5 스크래핑 중...
2025-03-07 10:01:19,630 - INFO - 텍스트 길이: 1447, 해시태그: 1개
2025-03-07 10:01:19,910 - INFO - 좋아요: 2
2025-03-07 10:01:20,695 - INFO - 댓글: 
2025-03-07 10:01:20,703 - INFO - 날짜: 2025-02-28T16:33:57.000Z
2025-03-07 10:01:20,713 - INFO - 이미지 URL: https://scontent-ssn1-1.cdnins...
2025-03-07 10:01:21,540 - INFO - 조회수: 
2025-03-07 10:01:21,541 - INFO - 게시물 처리 완료: 성공, 소요시간=2.79초
2025-03-07 10:01:21,541 - INFO - 게시물 대화상자 닫기 시도...
2025-03-07 10:01:21,755 - INFO - X 버튼 직접 클릭 성공
2025-03-07 10:01:21,755 - INFO - 키워드 '패션'에서 5개 게시물 수집 완료
2025-03-07 10:01:21,755 - INFO - 키워드 '패션' 처리 완료
2025-03-07 10:01:21,766 - INFO - 15개 게시물 데이터를 'data\20250307_095838\instagram_data_original.csv'에 저장했습니다.
2025-03-07 10:01:21,767 - INFO - 15개 게시물 데이터를 'data\20250307_095838\instagram_data_anonymized.csv'에 저장했습니다.
2025-03-07 10:01:21,793 - INFO - 15개 게시물 데이터를 'data\20250307_095838\instagram_data_encrypted.csv'에 저장했습니다.
2025-03-07 10:01:21,794 - INFO - 파일 'data\20250307_095838\instagram_data_original.csv'의 삭제가 2025-04-06로 예약됨
2025-03-07 10:01:21,800 - INFO - 파일 'data\20250307_095838\instagram_data_encrypted.csv'의 삭제가 2025-04-06로 예약됨
2025-03-07 10:01:21,800 - INFO - 데이터 수집 영수증이 'data\20250307_095838\data_receipt.txt'에 생성되었습니다.
2025-03-07 10:01:21,801 - INFO - 데이터 요약:
- 총 게시물 수: 15
- 수집 키워드 수: 3
- 고유 해시태그 수: 4
- 인기 해시태그 (상위 5개):
  - #travel: 5개 게시물
  - #food: 5개 게시물
  - #fashion: 5개 게시물
  - #exploraconenzo: 1개 게시물

2025-03-07 10:01:21,803 - INFO - 15개 게시물 데이터를 'data/instagram_data.csv'에 저장했습니다.
2025-03-07 10:01:23,903 - INFO - 크롤링 완료: 15/15 성공 (100.0%)
2025-03-07 10:01:23,903 - INFO - 총 실행 시간: 165.70초
2025-03-07 10:01:23,903 - INFO - 프로그램 종료. 총 실행 시간: 165.70초
